d:\projects - visual studio\lavaflowviewer\lavaflowviewer\debug\vc140.pdb
d:\projects - visual studio\lavaflowviewer\lavaflowviewer\debug\vc140.idb
d:\projects - visual studio\lavaflowviewer\lavaflowviewer\debug\main.obj
d:\projects - visual studio\lavaflowviewer\lavaflowviewer\debug\tga.obj
d:\projects - visual studio\lavaflowviewer\lavaflowviewer\debug\utils.obj
d:\projects - visual studio\lavaflowviewer\lavaflowviewer\debug\vectormath.obj
d:\projects - visual studio\lavaflowviewer\lavaflowviewer\debug\dataset.obj
d:\projects - visual studio\lavaflowviewer\lavaflowviewer\debug\dataset2.obj
d:\projects - visual studio\lavaflowviewer\lavaflowviewer\debug\dataviewer.obj
d:\projects - visual studio\lavaflowviewer\debug\lavaflowviewer.pdb
d:\projects - visual studio\lavaflowviewer\lavaflowviewer\debug\lavaflowviewer.tlog\cl.command.1.tlog
d:\projects - visual studio\lavaflowviewer\lavaflowviewer\debug\lavaflowviewer.tlog\cl.read.1.tlog
d:\projects - visual studio\lavaflowviewer\lavaflowviewer\debug\lavaflowviewer.tlog\cl.write.1.tlog
d:\projects - visual studio\lavaflowviewer\lavaflowviewer\debug\lavaflowviewer.tlog\link-cvtres.read.1.tlog
d:\projects - visual studio\lavaflowviewer\lavaflowviewer\debug\lavaflowviewer.tlog\link-cvtres.write.1.tlog
d:\projects - visual studio\lavaflowviewer\lavaflowviewer\debug\lavaflowviewer.tlog\link-rc.read.1.tlog
d:\projects - visual studio\lavaflowviewer\lavaflowviewer\debug\lavaflowviewer.tlog\link-rc.write.1.tlog
d:\projects - visual studio\lavaflowviewer\lavaflowviewer\debug\lavaflowviewer.tlog\link.command.1.tlog
d:\projects - visual studio\lavaflowviewer\lavaflowviewer\debug\lavaflowviewer.tlog\link.read.1.tlog
d:\projects - visual studio\lavaflowviewer\lavaflowviewer\debug\lavaflowviewer.tlog\link.write.1.tlog
